<?xml version="1.0" encoding="UTF-8"?>
<!-- Generated by org.testng.reporters.JUnitXMLReporter -->
<testsuite ignored="0" hostname="kari" failures="0" tests="4" name="GitAutomate" time="114.154" errors="0" timestamp="2023-12-05T22:31:53 IST">
  <testcase classname="com.git.GithubAutomation" name="Login" time="17.12"/>
  <testcase classname="com.git.GithubAutomation" name="CreatingNewRepo" time="24.496"/>
  <testcase classname="com.git.GithubAutomation" name="ReproCounting" time="7.245"/>
  <testcase classname="com.git.GithubAutomation" name="DeleteRepoFromList" time="64.715"/>
</testsuite> <!-- GitAutomate -->
