<?xml version="1.0" encoding="UTF-8"?>
<!-- Generated by org.testng.reporters.JUnitXMLReporter -->
<testsuite ignored="0" hostname="kari" failures="0" tests="4" name="Default test" time="118.64" errors="0" timestamp="2023-12-05T22:43:59 IST">
  <testcase classname="com.git.GithubAutomation" name="Login" time="25.513"/>
  <testcase classname="com.git.GithubAutomation" name="CreatingNewRepo" time="22.122"/>
  <testcase classname="com.git.GithubAutomation" name="ReproCounting" time="7.49"/>
  <testcase classname="com.git.GithubAutomation" name="DeleteRepoFromList" time="63.449"/>
</testsuite> <!-- Default test -->
