<?xml version="1.0" encoding="UTF-8"?>
<testng-results ignored="0" total="4" passed="4" failed="0" skipped="0">
  <reporter-output>
    <line>
      <![CDATA[Success]]>
    </line>
  </reporter-output>
  <suite started-at="2023-12-05T22:42:00 IST" name="Default suite" finished-at="2023-12-05T22:43:58 IST" duration-ms="118640">
    <groups>
    </groups>
    <test started-at="2023-12-05T22:42:00 IST" name="Default test" finished-at="2023-12-05T22:43:58 IST" duration-ms="118640">
      <class name="com.git.GithubAutomation">
        <test-method signature="Login()[pri:1, instance:com.git.GithubAutomation@3d74bf60]" started-at="2023-12-05T22:42:00 IST" name="Login" finished-at="2023-12-05T22:42:25 IST" duration-ms="25513" status="PASS">
          <reporter-output>
          </reporter-output>
        </test-method> <!-- Login -->
        <test-method signature="CreatingNewRepo()[pri:2, instance:com.git.GithubAutomation@3d74bf60]" started-at="2023-12-05T22:42:25 IST" name="CreatingNewRepo" finished-at="2023-12-05T22:42:48 IST" duration-ms="22122" status="PASS">
          <reporter-output>
            <line>
              <![CDATA[Success]]>
            </line>
          </reporter-output>
        </test-method> <!-- CreatingNewRepo -->
        <test-method signature="ReproCounting()[pri:3, instance:com.git.GithubAutomation@3d74bf60]" started-at="2023-12-05T22:42:48 IST" name="ReproCounting" finished-at="2023-12-05T22:42:55 IST" duration-ms="7490" status="PASS">
          <reporter-output>
          </reporter-output>
        </test-method> <!-- ReproCounting -->
        <test-method signature="DeleteRepoFromList()[pri:4, instance:com.git.GithubAutomation@3d74bf60]" started-at="2023-12-05T22:42:55 IST" name="DeleteRepoFromList" finished-at="2023-12-05T22:43:58 IST" duration-ms="63449" status="PASS">
          <reporter-output>
          </reporter-output>
        </test-method> <!-- DeleteRepoFromList -->
      </class> <!-- com.git.GithubAutomation -->
    </test> <!-- Default test -->
  </suite> <!-- Default suite -->
</testng-results>
